<?xml version="1.0" encoding="UTF-8"?>
<!-- Generated by org.testng.reporters.JUnitReportReporter -->
<testsuite hostname="MAA2-5CG14145DJ" failures="0" tests="2" name="amazon.tests.errorValidations" time="15.153" errors="0" timestamp="2024-05-29T20:10:44 IST" skipped="0">
  <testcase classname="amazon.tests.errorValidations" name="LoginErrorValidation" time="4.691"/>
  <system-out/>
  <testcase classname="amazon.tests.errorValidations" name="ProductErrorValidation" time="10.462"/>
  <system-out/>
</testsuite> <!-- amazon.tests.errorValidations -->
