<?xml version="1.0" encoding="UTF-8"?>
<!-- Generated by org.testng.reporters.JUnitReportReporter -->
<testsuite hostname="MAA2-5CG14145DJ" failures="0" tests="4" name="amazon.tests.SubmitOrderTest" time="21.638" errors="0" timestamp="2024-06-15T21:31:29 IST" skipped="0">
  <testcase classname="amazon.tests.SubmitOrderTest" name="submitOrder" time="7.718"/>
  <system-out/>
  <testcase classname="amazon.tests.SubmitOrderTest" name="submitOrder" time="6.320"/>
  <system-out/>
  <testcase classname="amazon.tests.SubmitOrderTest" name="OrderHistoryTest" time="2.940"/>
  <system-out/>
  <testcase classname="amazon.tests.SubmitOrderTest" name="OrderHistoryTest" time="4.660"/>
  <system-out/>
</testsuite> <!-- amazon.tests.SubmitOrderTest -->
