<?xml version="1.0" encoding="UTF-8"?>
<!-- Generated by org.testng.reporters.JUnitReportReporter -->
<testsuite hostname="MAA2-5CG14145DJ" failures="0" tests="2" name="amazon.tests.ErrorValidationsTest" time="22.369" errors="0" timestamp="2024-06-16T12:47:04 IST" skipped="0">
  <testcase classname="amazon.tests.ErrorValidationsTest" name="LoginErrorValidation" time="5.135"/>
  <system-out/>
  <testcase classname="amazon.tests.ErrorValidationsTest" name="ProductErrorValidation" time="17.234"/>
  <system-out/>
</testsuite> <!-- amazon.tests.ErrorValidationsTest -->
