<?xml version="1.0" encoding="UTF-8"?>
<!-- Generated by org.testng.reporters.JUnitReportReporter -->
<testsuite hostname="MAA2-5CG14145DJ" failures="0" tests="1" name="cucumber.TestNGTestRunner" time="13.221" errors="0" timestamp="2024-06-17T20:58:26 IST" skipped="0">
  <testcase classname="cucumber.TestNGTestRunner" name="runScenario" time="13.221"/>
  <system-out/>
</testsuite> <!-- cucumber.TestNGTestRunner -->
