<?xml version="1.0" encoding="UTF-8"?>
<!-- Generated by org.testng.reporters.JUnitReportReporter -->
<testsuite hostname="MAA2-5CG14145DJ" failures="0" tests="4" name="amazon.tests.SubmitOrderTest" time="33.763" errors="0" timestamp="2024-06-16T12:47:04 IST" skipped="0">
  <testcase classname="amazon.tests.SubmitOrderTest" name="OrderHistoryTest" time="4.754"/>
  <system-out/>
  <testcase classname="amazon.tests.SubmitOrderTest" name="OrderHistoryTest" time="2.698"/>
  <system-out/>
  <testcase classname="amazon.tests.SubmitOrderTest" name="submitOrder" time="14.232"/>
  <system-out/>
  <testcase classname="amazon.tests.SubmitOrderTest" name="submitOrder" time="12.079"/>
  <system-out/>
</testsuite> <!-- amazon.tests.SubmitOrderTest -->
